Arguments: 
  /Users/ckuijjer/.nvm/versions/node/v14.19.1/bin/node /usr/local/bin/yarn serve

PATH: 
  /Users/ckuijjer/.jbang/bin:/Users/ckuijjer/.nvm/versions/node/v14.19.1/bin:/usr/local/sbin:/usr/local/sbin:/Users/ckuijjer/go/bin:/usr/local/bin:/usr/bin:/bin:/usr/sbin:/sbin:/Applications/VMware Fusion.app/Contents/Public:/usr/local/go/bin:/Library/Apple/usr/bin:/Library/Frameworks/Mono.framework/Versions/Current/Commands:/Applications/Wireshark.app/Contents/MacOS:/Users/ckuijjer/.cargo/bin:/Users/ckuijjer/bin:/Library/Java/JavaVirtualMachines/adoptopenjdk-11.jdk/Contents/Home/bin://Users/ckuijjer/Library/Android/sdk/platform-tools://Users/ckuijjer/Library/Android/sdk/tools://Users/ckuijjer/Library/Android/sdk/tools/bin://Users/ckuijjer/Library/Android/sdk/emulator

Yarn version: 
  1.22.18

Node version: 
  14.19.1

Platform: 
  darwin x64

Trace: 
  SyntaxError: /Users/ckuijjer/src/hello-p-all/package.json: Unexpected token } in JSON at position 193
      at JSON.parse (<anonymous>)
      at /usr/local/lib/node_modules/yarn/lib/cli.js:1625:59
      at Generator.next (<anonymous>)
      at step (/usr/local/lib/node_modules/yarn/lib/cli.js:310:30)
      at /usr/local/lib/node_modules/yarn/lib/cli.js:321:13

npm manifest: 
  {
    "name": "hello-p-all",
    "version": "1.0.0",
    "description": "",
    "main": "index.js",
    "scripts": {
      "test": "echo \"Error: no test specified\" && exit 1",
      "start": "ts-eager",
    },
    "keywords": [],
    "author": "",
    "license": "ISC",
    "dependencies": {
      "ts-eager": "^2.0.2"
    }
  }

yarn manifest: 
  No manifest

Lockfile: 
  No lockfile
